<?xml version='1.0' encoding='UTF-8'?>
<testsuite hostname="jorge-TECRA-A50-C" name="com.example.AkkaQuickstartSpec" tests="3" errors="0" failures="0" skipped="0" time="0.05">
                     <properties>
[...]
</properties>
                     <testcase classname="com.example.AkkaQuickstartSpec" name="A Blacksmith must reply to city" time="0.037">
                                                 
                                               </testcase><testcase classname="com.example.AkkaQuickstartSpec" name="A Guard must reply to city" time="0.005">
                                                 
                                               </testcase><testcase classname="com.example.AkkaQuickstartSpec" name="A Tavern must reply to city" time="0.008">
                                                 
                                               </testcase>
                     <system-out><![CDATA[]]></system-out>
                     <system-err><![CDATA[]]></system-err>
                   </testsuite>